<?xml version="1.0" encoding="UTF-8"?>
<!-- Generated by org.testng.reporters.JUnitReportReporter -->
<testsuite skipped="0" hostname="DESKTOP-MV38J76" name="file_upload_test.fileUploadTest" tests="1" failures="0" timestamp="2019-10-03T12:05:08 BDT" time="0.325" errors="0">
  <testcase name="uploadfile" time="0.325" classname="file_upload_test.fileUploadTest"/>
</testsuite> <!-- file_upload_test.fileUploadTest -->
