<?xml version="1.0" encoding="UTF-8"?>
<!-- Generated by org.testng.reporters.JUnitReportReporter -->
<testsuite skipped="0" hostname="DESKTOP-MV38J76" name="peopleNtech.firstMevanProjrct.ProductAddToCartFromProductPageRunclass" tests="1" failures="0" timestamp="2019-11-13T16:49:20 BDT" time="2.106" errors="0">
  <testcase name="Add_To_Cart" time="2.106" classname="peopleNtech.firstMevanProjrct.ProductAddToCartFromProductPageRunclass"/>
</testsuite> <!-- peopleNtech.firstMevanProjrct.ProductAddToCartFromProductPageRunclass -->
