<?xml version="1.0" encoding="UTF-8"?>
<!-- Generated by org.testng.reporters.JUnitReportReporter -->
<testsuite skipped="0" hostname="DESKTOP-MV38J76" name="peopleNtech.firstMevanProjrct.positiveReg" tests="1" failures="0" timestamp="2019-09-19T18:21:40 BDT" time="27.023" errors="0">
  <testcase name="regis" time="27.023" classname="peopleNtech.firstMevanProjrct.positiveReg"/>
</testsuite> <!-- peopleNtech.firstMevanProjrct.positiveReg -->
