<?xml version="1.0" encoding="UTF-8"?>
<!-- Generated by org.testng.reporters.JUnitReportReporter -->
<testsuite skipped="0" hostname="DESKTOP-MV38J76" name="peopleNtech.firstMevanProjrct.ProductSearchRunClass" tests="1" failures="0" timestamp="2019-11-13T15:19:22 BDT" time="5.306" errors="0">
  <testcase name="Product_Searching" time="5.306" classname="peopleNtech.firstMevanProjrct.ProductSearchRunClass"/>
</testsuite> <!-- peopleNtech.firstMevanProjrct.ProductSearchRunClass -->
