<?xml version="1.0" encoding="UTF-8"?>
<!-- Generated by org.testng.reporters.JUnitReportReporter -->
<testsuite skipped="0" hostname="DESKTOP-MV38J76" name="peopleNtech.firstMevanProjrct.DynamicValueTest" tests="1" failures="0" timestamp="2019-10-01T17:58:37 BDT" time="0.032" errors="0">
  <testcase name="randomvalue" time="0.032" classname="peopleNtech.firstMevanProjrct.DynamicValueTest"/>
</testsuite> <!-- peopleNtech.firstMevanProjrct.DynamicValueTest -->
