<?xml version="1.0" encoding="UTF-8"?>
<!-- Generated by org.testng.reporters.JUnitReportReporter -->
<testsuite skipped="0" hostname="DESKTOP-MV38J76" name="peopleNtech.firstMevanProjrct.dropDownTest" tests="1" failures="0" timestamp="2019-10-03T12:55:10 BDT" time="10.674" errors="0">
  <testcase name="dropDownListTest" time="10.674" classname="peopleNtech.firstMevanProjrct.dropDownTest"/>
</testsuite> <!-- peopleNtech.firstMevanProjrct.dropDownTest -->
