<?xml version="1.0" encoding="UTF-8"?>
<!-- Generated by org.testng.reporters.JUnitReportReporter -->
<testsuite skipped="0" hostname="DESKTOP-MV38J76" name="peopleNtech.firstMevanProjrct.ProductAddToCartFromWishlistRunclass" tests="1" failures="0" timestamp="2019-11-13T17:23:00 BDT" time="12.543" errors="0">
  <testcase name="Add_To_Cart_From_WishList" time="12.543" classname="peopleNtech.firstMevanProjrct.ProductAddToCartFromWishlistRunclass"/>
</testsuite> <!-- peopleNtech.firstMevanProjrct.ProductAddToCartFromWishlistRunclass -->
