<?xml version="1.0" encoding="UTF-8"?>
<!-- Generated by org.testng.reporters.JUnitReportReporter -->
<testsuite skipped="0" hostname="DESKTOP-MV38J76" name="peopleNtech.firstMevanProjrct.AddToWishListRunClass" tests="1" failures="0" timestamp="2019-11-13T16:31:44 BDT" time="2.903" errors="0">
  <testcase name="Add_To_WishList" time="2.903" classname="peopleNtech.firstMevanProjrct.AddToWishListRunClass"/>
</testsuite> <!-- peopleNtech.firstMevanProjrct.AddToWishListRunClass -->
