<?xml version="1.0" encoding="UTF-8"?>
<!-- Generated by org.testng.reporters.JUnitReportReporter -->
<testsuite skipped="0" hostname="DESKTOP-MV38J76" name="RunloginTestCaseUsingPom.RunloginTestCase" tests="1" failures="0" timestamp="2020-03-12T18:57:58 BDT" time="2.591" errors="0">
  <testcase name="loginTestPositive" time="2.591" classname="RunloginTestCaseUsingPom.RunloginTestCase"/>
  <system-out/>
</testsuite> <!-- RunloginTestCaseUsingPom.RunloginTestCase -->
